<?xml version="1.0" encoding="UTF-8"?>
<testng-results ignored="0" total="2" passed="2" failed="0" skipped="0">
  <reporter-output>
  </reporter-output>
  <suite started-at="2026-02-16T20:15:21 EET" name="Default suite" finished-at="2026-02-16T20:15:23 EET" duration-ms="1950">
    <groups>
    </groups>
    <test started-at="2026-02-16T20:15:21 EET" name="Default test" finished-at="2026-02-16T20:15:23 EET" duration-ms="1950">
      <class name="Practice">
        <test-method is-config="true" signature="mySetupTest()[pri:0, instance:Practice@49872d67]" started-at="2026-02-16T20:15:22 EET" name="mySetupTest" finished-at="2026-02-16T20:15:23 EET" duration-ms="1270" status="PASS">
          <reporter-output>
          </reporter-output>
        </test-method> <!-- mySetupTest -->
        <test-method signature="login()[pri:1, instance:Practice@49872d67]" started-at="2026-02-16T20:15:23 EET" name="login" finished-at="2026-02-16T20:15:23 EET" duration-ms="276" status="PASS">
          <reporter-output>
          </reporter-output>
        </test-method> <!-- login -->
        <test-method signature="addAllItemsToCart()[pri:2, instance:Practice@49872d67]" started-at="2026-02-16T20:15:23 EET" name="addAllItemsToCart" finished-at="2026-02-16T20:15:23 EET" duration-ms="327" status="PASS">
          <reporter-output>
          </reporter-output>
        </test-method> <!-- addAllItemsToCart -->
      </class> <!-- Practice -->
    </test> <!-- Default test -->
  </suite> <!-- Default suite -->
</testng-results>
