<?xml version="1.0" encoding="UTF-8"?>
<!-- Generated by org.testng.reporters.JUnitReportReporter -->
<testsuite hostname="Alzetawi" failures="0" tests="6" name="MyTestCases" time="6.102" errors="0" timestamp="2026-01-16T19:17:47 EET" skipped="0">
  <testcase classname="MyTestCases" name="login" time="0.234"/>
  <testcase classname="MyTestCases" name="addToCart" time="0.146"/>
  <testcase classname="MyTestCases" name="RemoveItems" time="3.096"/>
  <testcase classname="MyTestCases" name="AddAfterRemove" time="0.074"/>
  <testcase classname="MyTestCases" name="CheckOut" time="0.444"/>
  <testcase classname="MyTestCases" name="logOut" time="2.108"/>
</testsuite> <!-- MyTestCases -->
